[18:00:32] [ServerMain/INFO]: Starting provider: vanilla/SNBT -> NBT
[18:00:32] [ServerMain/INFO]: vanilla/SNBT -> NBT finished after 1 ms
[18:00:32] [ServerMain/INFO]: Starting provider: vanilla/Registries
[18:00:32] [ServerMain/INFO]: vanilla/Registries finished after 468 ms
[18:00:32] [ServerMain/INFO]: Starting provider: vanilla/Advancements
[18:00:33] [ServerMain/INFO]: vanilla/Advancements finished after 182 ms
[18:00:33] [ServerMain/INFO]: Starting provider: vanilla/Loot Tables
[18:00:33] [ServerMain/INFO]: vanilla/Loot Tables finished after 106 ms
[18:00:33] [ServerMain/INFO]: Starting provider: vanilla/Vanilla Recipes
[18:00:33] [ServerMain/INFO]: vanilla/Vanilla Recipes finished after 156 ms
[18:00:33] [ServerMain/INFO]: Starting provider: vanilla/Tags for minecraft:block
[18:00:33] [ServerMain/INFO]: vanilla/Tags for minecraft:block finished after 13 ms
[18:00:33] [ServerMain/INFO]: Starting provider: vanilla/Tags for minecraft:item
[18:00:33] [ServerMain/INFO]: vanilla/Tags for minecraft:item finished after 7 ms
[18:00:33] [ServerMain/INFO]: Starting provider: vanilla/Tags for minecraft:worldgen/biome
[18:00:33] [ServerMain/INFO]: vanilla/Tags for minecraft:worldgen/biome finished after 83 ms
[18:00:33] [ServerMain/INFO]: Starting provider: vanilla/Tags for minecraft:banner_pattern
[18:00:33] [ServerMain/INFO]: vanilla/Tags for minecraft:banner_pattern finished after 0 ms
[18:00:33] [ServerMain/INFO]: Starting provider: vanilla/Tags for minecraft:worldgen/structure
[18:00:33] [ServerMain/INFO]: vanilla/Tags for minecraft:worldgen/structure finished after 0 ms
[18:00:33] [ServerMain/INFO]: Starting provider: vanilla/Tags for minecraft:damage_type
[18:00:33] [ServerMain/INFO]: vanilla/Tags for minecraft:damage_type finished after 0 ms
[18:00:33] [ServerMain/INFO]: Starting provider: vanilla/Tags for minecraft:dialog
[18:00:33] [ServerMain/INFO]: vanilla/Tags for minecraft:dialog finished after 0 ms
[18:00:33] [ServerMain/INFO]: Starting provider: vanilla/Tags for minecraft:entity_type
[18:00:33] [ServerMain/INFO]: vanilla/Tags for minecraft:entity_type finished after 3 ms
[18:00:33] [ServerMain/INFO]: Starting provider: vanilla/Tags for minecraft:worldgen/flat_level_generator_preset
[18:00:33] [ServerMain/INFO]: vanilla/Tags for minecraft:worldgen/flat_level_generator_preset finished after 0 ms
[18:00:33] [ServerMain/INFO]: Starting provider: vanilla/Tags for minecraft:fluid
[18:00:33] [ServerMain/INFO]: vanilla/Tags for minecraft:fluid finished after 0 ms
[18:00:33] [ServerMain/INFO]: Starting provider: vanilla/Tags for minecraft:game_event
[18:00:33] [ServerMain/INFO]: vanilla/Tags for minecraft:game_event finished after 0 ms
[18:00:33] [ServerMain/INFO]: Starting provider: vanilla/Tags for minecraft:instrument
[18:00:33] [ServerMain/INFO]: vanilla/Tags for minecraft:instrument finished after 0 ms
[18:00:33] [ServerMain/INFO]: Starting provider: vanilla/Tags for minecraft:painting_variant
[18:00:33] [ServerMain/INFO]: vanilla/Tags for minecraft:painting_variant finished after 0 ms
[18:00:33] [ServerMain/INFO]: Starting provider: vanilla/Tags for minecraft:point_of_interest_type
[18:00:33] [ServerMain/INFO]: vanilla/Tags for minecraft:point_of_interest_type finished after 0 ms
[18:00:33] [ServerMain/INFO]: Starting provider: vanilla/Tags for minecraft:worldgen/world_preset
[18:00:33] [ServerMain/INFO]: vanilla/Tags for minecraft:worldgen/world_preset finished after 0 ms
[18:00:33] [ServerMain/INFO]: Starting provider: vanilla/Tags for minecraft:enchantment
[18:00:33] [ServerMain/INFO]: vanilla/Tags for minecraft:enchantment finished after 0 ms
[18:00:33] [ServerMain/INFO]: Starting provider: vanilla/NBT -> SNBT
[18:00:33] [ServerMain/INFO]: vanilla/NBT -> SNBT finished after 0 ms
[18:00:33] [ServerMain/INFO]: Starting provider: vanilla/Biome Parameters
[18:00:33] [ServerMain/INFO]: vanilla/Biome Parameters finished after 222 ms
[18:00:33] [ServerMain/INFO]: Starting provider: vanilla/Item List
[18:00:33] [ServerMain/INFO]: vanilla/Item List finished after 75 ms
[18:00:33] [ServerMain/INFO]: Starting provider: vanilla/Block List
[18:00:33] [ServerMain/INFO]: vanilla/Block List finished after 166 ms
[18:00:33] [ServerMain/INFO]: Starting provider: vanilla/Command Syntax
[18:00:34] [ServerMain/INFO]: vanilla/Command Syntax finished after 165 ms
[18:00:34] [ServerMain/INFO]: Starting provider: vanilla/Registry Dump
[18:00:34] [ServerMain/INFO]: vanilla/Registry Dump finished after 13 ms
[18:00:34] [ServerMain/INFO]: Starting provider: vanilla/Packet Report
[18:00:34] [ServerMain/INFO]: vanilla/Packet Report finished after 92 ms
[18:00:34] [ServerMain/INFO]: Starting provider: vanilla/Datapack Structure
[18:00:34] [ServerMain/INFO]: vanilla/Datapack Structure finished after 2 ms
[18:00:34] [ServerMain/INFO]: Starting provider: trade_rebalance/Registries
[18:00:34] [ServerMain/INFO]: trade_rebalance/Registries finished after 1 ms
[18:00:34] [ServerMain/INFO]: Starting provider: trade_rebalance/Pack Metadata
[18:00:34] [ServerMain/INFO]: trade_rebalance/Pack Metadata finished after 1 ms
[18:00:34] [ServerMain/INFO]: Starting provider: trade_rebalance/Loot Tables
[18:00:34] [ServerMain/INFO]: trade_rebalance/Loot Tables finished after 1 ms
[18:00:34] [ServerMain/INFO]: Starting provider: trade_rebalance/Tags for minecraft:enchantment
[18:00:34] [ServerMain/INFO]: trade_rebalance/Tags for minecraft:enchantment finished after 0 ms
[18:00:34] [ServerMain/INFO]: Starting provider: redstone_experiments/Pack Metadata
[18:00:34] [ServerMain/INFO]: redstone_experiments/Pack Metadata finished after 0 ms
[18:00:34] [ServerMain/INFO]: Starting provider: minecart_improvements/Pack Metadata
[18:00:34] [ServerMain/INFO]: minecart_improvements/Pack Metadata finished after 0 ms
[18:00:34] [ServerMain/INFO]: All providers took: 1796 ms
[18:00:34] [ServerMain/INFO]: Caching: total files: 6113, old count: 0, new count: 6114, removed stale: 0, written: 6113
